<?xml version="1.0" encoding="UTF-8"?>
<!-- Generated by org.testng.reporters.JUnitReportReporter -->
<testsuite hostname="LAPTOP-9B55JM43" failures="0" tests="4" name="org.login.ScreeshotExampleshere" time="4.799" errors="0" timestamp="2021-12-28T15:28:59 IST" skipped="0">
  <testcase classname="org.login.ScreeshotExampleshere" name="driverlaunchpart2" time="1.226"/>
  <system-out/>
  <testcase classname="org.login.ScreeshotExampleshere" name="failmethodshow" time="1.118"/>
  <system-out/>
  <testcase classname="org.login.ScreeshotExampleshere" name="failmethodshow" time="0.976"/>
  <system-out/>
  <testcase classname="org.login.ScreeshotExampleshere" name="driverlaunch" time="1.479"/>
  <system-out/>
</testsuite> <!-- org.login.ScreeshotExampleshere -->
