<?xml version="1.0" encoding="UTF-8"?>
<!-- Generated by org.testng.reporters.JUnitReportReporter -->
<testsuite hostname="LAPTOP-9B55JM43" failures="0" tests="2" name="org.login.CheckingTestngflw" time="0.011" errors="0" timestamp="2021-12-28T13:52:35 IST" skipped="0">
  <testcase classname="org.login.CheckingTestngflw" name="testmethod" time="0.008"/>
  <system-out/>
  <testcase classname="org.login.CheckingTestngflw" name="testmethod2" time="0.003"/>
  <system-out/>
</testsuite> <!-- org.login.CheckingTestngflw -->
